<?xml version="1.0" encoding="UTF-8"?>
<robot generator="Robot 7.2.2 (Python 3.12.10 on win32)" generated="2025-05-06T18:55:10.601857" rpa="false" schemaversion="5">
<suite id="s1" name="helloTest" source="D:\PersonalFiles\projects\study-in-python\robotFramework\helloTest.robot">
<test id="s1-t1" name="MyFirstTest" line="6">
<kw name="Log" owner="BuiltIn">
<msg time="2025-05-06T18:55:10.744834" level="INFO">Hello World!!!</msg>
<arg>Hello World!!!</arg>
<doc>Logs the given message with the given level.</doc>
<status status="PASS" start="2025-05-06T18:55:10.743829" elapsed="0.001005"/>
</kw>
<status status="PASS" start="2025-05-06T18:55:10.742830" elapsed="0.003000"/>
</test>
<status status="PASS" start="2025-05-06T18:55:10.603858" elapsed="0.142303"/>
</suite>
<statistics>
<total>
<stat pass="1" fail="0" skip="0">All Tests</stat>
</total>
<tag>
</tag>
<suite>
<stat name="helloTest" id="s1" pass="1" fail="0" skip="0">helloTest</stat>
</suite>
</statistics>
<errors>
</errors>
</robot>
